--------------------------------------------------------------------------------
Release 14.7 Trace  (nt64)
Copyright (c) 1995-2013 Xilinx, Inc.  All rights reserved.

C:\Xilinx\14.7\ISE_DS\ISE\bin\nt64\unwrapped\trce.exe -intstyle ise -v 3 -s 3
-n 3 -fastpaths -xml top_processor.twx top_processor.ncd -o top_processor.twr
top_processor.pcf -ucf top_pro_connections.ucf

Design file:              top_processor.ncd
Physical constraint file: top_processor.pcf
Device,package,speed:     xc6slx45,csg324,C,-3 (PRODUCTION 1.23 2013-10-13)
Report level:             verbose report

Environment Variable      Effect 
--------------------      ------ 
NONE                      No environment variables were set
--------------------------------------------------------------------------------

INFO:Timing:2698 - No timing constraints found, doing default enumeration.
INFO:Timing:3412 - To improve timing, see the Timing Closure User Guide (UG612).
INFO:Timing:2752 - To get complete path coverage, use the unconstrained paths 
   option. All paths that are not constrained will be reported in the 
   unconstrained paths section(s) of the report.
INFO:Timing:3339 - The clock-to-out numbers in this timing report are based on 
   a 50 Ohm transmission line loading model.  For the details of this model, 
   and for more information on accounting for different loading conditions, 
   please see the device datasheet.



Data Sheet report:
-----------------
All values displayed in nanoseconds (ns)

Setup/Hold to clock clk
------------+------------+------------+------------+------------+------------------+--------+
            |Max Setup to|  Process   |Max Hold to |  Process   |                  | Clock  |
Source      | clk (edge) |   Corner   | clk (edge) |   Corner   |Internal Clock(s) | Phase  |
------------+------------+------------+------------+------------+------------------+--------+
rx          |    7.247(R)|      SLOW  |   -2.509(R)|      FAST  |clk1              |   0.000|
top_enable  |    4.620(F)|      SLOW  |   -2.313(F)|      FAST  |clk1              |   0.000|
------------+------------+------------+------------+------------+------------------+--------+

Clock clk to Pad
------------+-----------------+------------+-----------------+------------+------------------+--------+
            |Max (slowest) clk|  Process   |Min (fastest) clk|  Process   |                  | Clock  |
Destination |  (edge) to PAD  |   Corner   |  (edge) to PAD  |   Corner   |Internal Clock(s) | Phase  |
------------+-----------------+------------+-----------------+------------+------------------+--------+
fetch_LED   |        11.084(R)|      SLOW  |         5.974(R)|      FAST  |clk1              |   0.000|
            |        13.889(F)|      SLOW  |         5.867(F)|      FAST  |clk1              |   0.000|
pause_LED   |        13.002(R)|      SLOW  |         6.844(R)|      FAST  |clk1              |   0.000|
            |        13.714(F)|      SLOW  |         6.467(F)|      FAST  |clk1              |   0.000|
rxIM_LED    |         7.153(R)|      SLOW  |         4.434(R)|      FAST  |clk1              |   0.000|
rxIN_LED    |         6.923(R)|      SLOW  |         4.260(R)|      FAST  |clk1              |   0.000|
tx          |         8.126(R)|      SLOW  |         5.011(R)|      FAST  |clk1              |   0.000|
tx_LED      |         5.677(R)|      SLOW  |         3.407(R)|      FAST  |clk1              |   0.000|
------------+-----------------+------------+-----------------+------------+------------------+--------+

Clock to Setup on destination clock clk
---------------+---------+---------+---------+---------+
               | Src:Rise| Src:Fall| Src:Rise| Src:Fall|
Source Clock   |Dest:Rise|Dest:Rise|Dest:Fall|Dest:Fall|
---------------+---------+---------+---------+---------+
clk            |   13.217|   11.593|    8.121|   10.937|
---------------+---------+---------+---------+---------+


Analysis completed Sun Jul 29 17:35:37 2018 
--------------------------------------------------------------------------------

Trace Settings:
-------------------------
Trace Settings 

Peak Memory Usage: 4663 MB



